This file contains any messages produced by compilers while
running configure, to aid debugging if configure makes a mistake.

It was created by configure, which was
generated by GNU Autoconf 2.59.  Invocation command line was

  $ ./configure 

## --------- ##
## Platform. ##
## --------- ##

hostname = Duncan-Temple-Langs-MacBook-Pro.local
uname -m = x86_64
uname -r = 11.2.0
uname -s = Darwin
uname -v = Darwin Kernel Version 11.2.0: Tue Aug  9 20:54:00 PDT 2011; root:xnu-1699.24.8~1/RELEASE_X86_64

/usr/bin/uname -p = i386
/bin/uname -X     = unknown

/bin/arch              = unknown
/usr/bin/arch -k       = unknown
/usr/convex/getsysinfo = unknown
hostinfo               = Mach kernel version:
	 Darwin Kernel Version 11.2.0: Tue Aug  9 20:54:00 PDT 2011; root:xnu-1699.24.8~1/RELEASE_X86_64
Kernel configured for up to 4 processors.
2 processors are physically available.
4 processors are logically available.
Processor type: i486 (Intel 80486)
Processors active: 0 1 2 3
Primary memory available: 8.00 gigabytes
Default processor set: 249 tasks, 1132 threads, 4 processors
Load average: 2.23, Mach factor: 2.01
/bin/machine           = unknown
/usr/bin/oslevel       = unknown
/bin/universe          = unknown

PATH: /Library/Frameworks/Python.framework/Versions/Current/bin
PATH: /Library/Frameworks/Python.framework/Versions/2.6/bin
PATH: .
PATH: /usr/local/bin
PATH: .
PATH: /Users/duncan/bin
PATH: /Users/duncan/local/bin
PATH: /usr/bin
PATH: /usr/texbin
PATH: /usr/local/mysql/bin
PATH: /usr/local/noweb
PATH: /usr/local/jdk/bin
PATH: /usr/local/src/j2sdk1.3.1/bin
PATH: /usr/local/bin
PATH: /usr/statdept/bin
PATH: /usr/local/X11/bin
PATH: /usr/local/pgsql/bin
PATH: /usr/bin
PATH: /bin
PATH: /usr/local/gwTeX/bin/powerpc-apple-darwin-current
PATH: /usr/X11R6/bin
PATH: /opt/local/bin
PATH: /var/duncan/office52
PATH: /Users/duncan/Projects/org/omegahat/bin


## ----------- ##
## Core tests. ##
## ----------- ##

configure:1361: creating ./config.status

## ---------------------- ##
## Running config.status. ##
## ---------------------- ##

This file was extended by config.status, which was
generated by GNU Autoconf 2.59.  Invocation command line was

  CONFIG_FILES    = 
  CONFIG_HEADERS  = 
  CONFIG_LINKS    = 
  CONFIG_COMMANDS = 
  $ ./config.status 

on Duncan-Temple-Langs-MacBook-Pro.local

config.status:628: creating index.html

## ---------------- ##
## Cache variables. ##
## ---------------- ##

ac_cv_env_build_alias_set=
ac_cv_env_build_alias_value=
ac_cv_env_host_alias_set=
ac_cv_env_host_alias_value=
ac_cv_env_target_alias_set=
ac_cv_env_target_alias_value=

## ----------------- ##
## Output variables. ##
## ----------------- ##

DATE='29 Jan 2012'
DEFS='-DPACKAGE_NAME=\"\" -DPACKAGE_TARNAME=\"\" -DPACKAGE_VERSION=\"\" -DPACKAGE_STRING=\"\" -DPACKAGE_BUGREPORT=\"\" '
ECHO_C='ECHO_N=''
ECHO_T=''
LIBOBJS=''
LIBS=''
LTLIBOBJS=''
PACKAGE_BUGREPORT=''
PACKAGE_NAME=''
PACKAGE_STRING=''
PACKAGE_TARNAME=''
PACKAGE_VERSION=''
PATH_SEPARATOR=':'
PKG_NAME='RJSONIO'
SHELL='/bin/sh'
TAR_FILE='RJSONIO_0.98-0.tar.gz'
VERSION='0.98-0'
bindir='${exec_prefix}/bin'
build_alias=''
datadir='${prefix}/share'
exec_prefix='${prefix}'
host_alias=''
includedir='${prefix}/include'
infodir='${prefix}/info'
libdir='${exec_prefix}/lib'
libexecdir='${exec_prefix}/libexec'
localstatedir='${prefix}/var'
mandir='${prefix}/man'
oldincludedir='/usr/include'
prefix='/usr/local'
program_transform_name='s,x,x,'
sbindir='${exec_prefix}/sbin'
sharedstatedir='${prefix}/com'
sysconfdir='${prefix}/etc'
target_alias=''

## ----------- ##
## confdefs.h. ##
## ----------- ##

#define PACKAGE_BUGREPORT ""
#define PACKAGE_NAME ""
#define PACKAGE_STRING ""
#define PACKAGE_TARNAME ""
#define PACKAGE_VERSION ""

configure: exit 0
